{"level":"info","message":"[mb:2525] mountebank v2.9.1 now taking orders - point your browser to http://localhost:2525/ for help","timestamp":"2024-06-19T05:17:19.647Z"}
{"level":"info","message":"[mb:2525] PUT /imposters","timestamp":"2024-06-19T05:17:19.798Z"}
{"level":"info","message":"[http:3000 Imposter for api] Open for business...","timestamp":"2024-06-19T05:17:19.909Z"}
{"level":"info","message":"[http:3000 Imposter for api] ::1:62736 => GET /api-slipsautomaticos/slip/solicitud/detalle/2024-00561-ROB","timestamp":"2024-06-19T05:17:44.758Z"}
{"level":"error","message":"[http:3000 Imposter for api] ::1:62737 transmission error X=> {\"code\":\"ERR_HTTP_REQUEST_TIMEOUT\"}","timestamp":"2024-06-19T05:18:49.915Z"}
{"level":"info","message":"[http:3000 Imposter for api] ::1:62839 => GET /api-slipsautomaticos/slip/solicitud/producto/plantilla/2024-00561-ROB","timestamp":"2024-06-19T05:19:45.835Z"}
{"level":"info","message":"[http:3000 Imposter for api] ::1:62840 => GET /api-slipsautomaticos/slip/solicitud/producto/plantilla/2024-00561-ROB","timestamp":"2024-06-19T05:20:06.022Z"}
{"level":"info","message":"[http:3000 Imposter for api] ::1:62851 => GET //api-slipsautomaticos/slip/solicitud/plantilla/1641af3d-ee0e-4e0e-be73-edf7d15526ec","timestamp":"2024-06-19T05:21:04.569Z"}
{"level":"info","message":"[http:3000 Imposter for api] no predicate match, using default response","timestamp":"2024-06-19T05:21:04.589Z"}
{"level":"info","message":"[http:3000 Imposter for api] ::1:62922 => GET /api-slipsautomaticos/slip/solicitud/plantilla/1641af3d-ee0e-4e0e-be73-edf7d15526ec","timestamp":"2024-06-19T05:21:33.513Z"}
{"level":"info","message":"[http:3000 Imposter for api] ::1:63332 => GET /solicitud","timestamp":"2024-06-19T05:28:18.946Z"}
{"level":"info","message":"[http:3000 Imposter for api] no predicate match, using default response","timestamp":"2024-06-19T05:28:18.957Z"}
{"level":"info","message":"[http:3000 Imposter for api] ::1:63344 => GET /solicitud","timestamp":"2024-06-19T05:28:20.582Z"}
{"level":"info","message":"[http:3000 Imposter for api] no predicate match, using default response","timestamp":"2024-06-19T05:28:20.601Z"}
{"level":"info","message":"[http:3000 Imposter for api] ::1:63634 => GET /api-slipsautomaticos/slip/solicitud/detalle/2024-00561-ROB","timestamp":"2024-06-19T05:35:14.804Z"}
{"level":"info","message":"[http:3000 Imposter for api] ::1:63672 => GET /api-slipsautomaticos/slip/solicitud/detalle/2024-00562-ROB","timestamp":"2024-06-19T05:36:15.852Z"}
{"level":"info","message":"[http:3000 Imposter for api] ::1:63683 => GET /api-slipsautomaticos/slip/solicitud/detalle/2024-00563-RCI","timestamp":"2024-06-19T05:36:29.299Z"}
{"level":"error","message":"[http:3000 Imposter for api] ::1:63766 transmission error X=> {\"code\":\"ERR_HTTP_REQUEST_TIMEOUT\"}","timestamp":"2024-06-19T05:39:20.238Z"}
{"level":"error","message":"[http:3000 Imposter for api] ::1:63767 transmission error X=> {\"code\":\"ERR_HTTP_REQUEST_TIMEOUT\"}","timestamp":"2024-06-19T05:39:20.239Z"}
{"level":"info","message":"[http:3000 Imposter for api] ::1:64029 => GET /api-slipsautomaticos/slip/solicitud/producto/plantilla/2024-00564-RCI","timestamp":"2024-06-19T05:44:04.111Z"}
{"level":"info","message":"[http:3000 Imposter for api] ::1:64023 => GET /api-slipsautomaticos/slip/solicitud/detalle/2024-00564-RCI","timestamp":"2024-06-19T05:44:13.005Z"}
{"level":"info","message":"[http:3000 Imposter for api] ::1:64042 => GET /api-slipsautomaticos/slip/solicitud/detalle/2024-00564-RCI","timestamp":"2024-06-19T05:44:21.437Z"}
{"level":"error","message":"[http:3000 Imposter for api] ::1:64024 transmission error X=> {\"code\":\"ERR_HTTP_REQUEST_TIMEOUT\"}","timestamp":"2024-06-19T05:45:20.315Z"}
